[debug] [2025-01-10T17:49:10.511Z] ----------------------------------------------------------------------
[debug] [2025-01-10T17:49:10.514Z] Command:       /nix/store/if6aqyl3sl0hz14a12mndj35swb1mcwi-nodejs-20.17.0/bin/node /home/user/.global_modules/bin/firebase init
[debug] [2025-01-10T17:49:10.515Z] CLI Version:   13.29.1
[debug] [2025-01-10T17:49:10.515Z] Platform:      linux
[debug] [2025-01-10T17:49:10.515Z] Node Version:  v20.17.0
[debug] [2025-01-10T17:49:10.515Z] Time:          Fri Jan 10 2025 17:49:10 GMT+0000 (Coordinated Universal Time)
[debug] [2025-01-10T17:49:10.515Z] ----------------------------------------------------------------------
[debug] 
[debug] [2025-01-10T17:49:10.522Z] > command requires scopes: ["email","openid","https://www.googleapis.com/auth/cloudplatformprojects.readonly","https://www.googleapis.com/auth/firebase","https://www.googleapis.com/auth/cloud-platform"]
[debug] [2025-01-10T17:49:10.522Z] > authorizing via signed-in user (augschoellkev@gmail.com)
[info] 
     ######## #### ########  ######## ########     ###     ######  ########
     ##        ##  ##     ## ##       ##     ##  ##   ##  ##       ##
     ######    ##  ########  ######   ########  #########  ######  ######
     ##        ##  ##    ##  ##       ##     ## ##     ##       ## ##
     ##       #### ##     ## ######## ########  ##     ##  ######  ########

You're about to initialize a Firebase project in this directory:

  /home/user/leben-mit-zwang

[info] 
=== Project Setup
[info] 
[info] First, let's associate this project directory with a Firebase project.
[info] You can create multiple project aliases by running firebase use --add, 
[info] but for now we'll just set up a default project.
[info] 
[debug] [2025-01-10T17:49:35.548Z] Checked if tokens are valid: true, expires at: 1736533562891
[debug] [2025-01-10T17:49:35.550Z] Checked if tokens are valid: true, expires at: 1736533562891
[debug] [2025-01-10T17:49:35.554Z] >>> [apiv2][query] GET https://firebase.googleapis.com/v1beta1/projects pageSize=100
[debug] [2025-01-10T17:49:36.022Z] <<< [apiv2][status] GET https://firebase.googleapis.com/v1beta1/projects 200
[debug] [2025-01-10T17:49:36.022Z] <<< [apiv2][body] GET https://firebase.googleapis.com/v1beta1/projects [omitted]
[info] i  Using project lebem-mit-zwang (lebem-mit-zwang) 
[info] 
=== Dataconnect Setup
[debug] [2025-01-10T17:49:36.928Z] Checked if tokens are valid: true, expires at: 1736533562891
[debug] [2025-01-10T17:49:36.928Z] Checked if tokens are valid: true, expires at: 1736533562891
[debug] [2025-01-10T17:49:36.928Z] >>> [apiv2][query] GET https://cloudbilling.googleapis.com/v1/projects/lebem-mit-zwang/billingInfo [none]
[debug] [2025-01-10T17:49:37.615Z] <<< [apiv2][status] GET https://cloudbilling.googleapis.com/v1/projects/lebem-mit-zwang/billingInfo 200
[debug] [2025-01-10T17:49:37.619Z] <<< [apiv2][body] GET https://cloudbilling.googleapis.com/v1/projects/lebem-mit-zwang/billingInfo {"name":"projects/lebem-mit-zwang/billingInfo","projectId":"lebem-mit-zwang","billingAccountName":"","billingEnabled":false}
[info] i  dataconnect: ensuring required API sqladmin.googleapis.com is enabled... 
[debug] [2025-01-10T17:49:37.624Z] Checked if tokens are valid: true, expires at: 1736533562891
[debug] [2025-01-10T17:49:37.624Z] Checked if tokens are valid: true, expires at: 1736533562891
[debug] [2025-01-10T17:49:37.624Z] >>> [apiv2][query] GET https://serviceusage.googleapis.com/v1/projects/lebem-mit-zwang/services/sqladmin.googleapis.com [none]
[debug] [2025-01-10T17:49:37.624Z] >>> [apiv2][(partial)header] GET https://serviceusage.googleapis.com/v1/projects/lebem-mit-zwang/services/sqladmin.googleapis.com x-goog-quota-user=projects/lebem-mit-zwang
[debug] [2025-01-10T17:49:38.409Z] <<< [apiv2][status] GET https://serviceusage.googleapis.com/v1/projects/lebem-mit-zwang/services/sqladmin.googleapis.com 200
[debug] [2025-01-10T17:49:38.409Z] <<< [apiv2][body] GET https://serviceusage.googleapis.com/v1/projects/lebem-mit-zwang/services/sqladmin.googleapis.com [omitted]
[warn] ⚠  dataconnect: missing required API sqladmin.googleapis.com. Enabling now... 
[debug] [2025-01-10T17:49:38.411Z] Checked if tokens are valid: true, expires at: 1736533562891
[debug] [2025-01-10T17:49:38.411Z] Checked if tokens are valid: true, expires at: 1736533562891
[debug] [2025-01-10T17:49:38.411Z] >>> [apiv2][query] POST https://serviceusage.googleapis.com/v1/projects/lebem-mit-zwang/services/sqladmin.googleapis.com:enable [none]
[debug] [2025-01-10T17:49:38.412Z] >>> [apiv2][(partial)header] POST https://serviceusage.googleapis.com/v1/projects/lebem-mit-zwang/services/sqladmin.googleapis.com:enable x-goog-quota-user=projects/lebem-mit-zwang
[debug] [2025-01-10T17:49:38.961Z] <<< [apiv2][status] POST https://serviceusage.googleapis.com/v1/projects/lebem-mit-zwang/services/sqladmin.googleapis.com:enable 200
[debug] [2025-01-10T17:49:38.965Z] <<< [apiv2][body] POST https://serviceusage.googleapis.com/v1/projects/lebem-mit-zwang/services/sqladmin.googleapis.com:enable [omitted]
[debug] [2025-01-10T17:49:48.970Z] Checked if tokens are valid: true, expires at: 1736533562891
[debug] [2025-01-10T17:49:48.971Z] Checked if tokens are valid: true, expires at: 1736533562891
[debug] [2025-01-10T17:49:48.971Z] >>> [apiv2][query] GET https://serviceusage.googleapis.com/v1/projects/lebem-mit-zwang/services/sqladmin.googleapis.com [none]
[debug] [2025-01-10T17:49:48.971Z] >>> [apiv2][(partial)header] GET https://serviceusage.googleapis.com/v1/projects/lebem-mit-zwang/services/sqladmin.googleapis.com x-goog-quota-user=projects/lebem-mit-zwang
[debug] [2025-01-10T17:49:49.326Z] <<< [apiv2][status] GET https://serviceusage.googleapis.com/v1/projects/lebem-mit-zwang/services/sqladmin.googleapis.com 200
[debug] [2025-01-10T17:49:49.326Z] <<< [apiv2][body] GET https://serviceusage.googleapis.com/v1/projects/lebem-mit-zwang/services/sqladmin.googleapis.com [omitted]
[info] ✔  dataconnect: required API sqladmin.googleapis.com is enabled 
[info] ✔  Wrote dataconnect/dataconnect.yaml 
[info] ✔  Wrote dataconnect/schema/schema.gql 
[info] ✔  Wrote dataconnect/connector/connector.yaml 
[info] ✔  Wrote dataconnect/connector/queries.gql 
[info] ✔  Wrote dataconnect/connector/mutations.gql 
[info] ✔  Detected WEB app in directory /home/user/leben-mit-zwang 
[info] i  Wrote new config to /home/user/leben-mit-zwang/dataconnect/connector/connector.yaml 
[info] i  dataconnect: downloading dataconnect-emulator-1.7.5... {"metadata":{"emulator":{"name":"dataconnect"},"message":"downloading dataconnect-emulator-1.7.5..."}}
[debug] [2025-01-10T17:50:18.987Z] >>> [apiv2][query] GET https://storage.googleapis.com/firemat-preview-drop/emulator/dataconnect-emulator-linux-v1.7.5 
[debug] [2025-01-10T17:50:19.652Z] <<< [apiv2][status] GET https://storage.googleapis.com/firemat-preview-drop/emulator/dataconnect-emulator-linux-v1.7.5 200
[debug] [2025-01-10T17:50:19.652Z] <<< [apiv2][body] GET https://storage.googleapis.com/firemat-preview-drop/emulator/dataconnect-emulator-linux-v1.7.5 [stream]
[info] I0110 17:50:21.241467   10062 codegen.go:82] [connector "default" javascriptSdk] Generating sources into "/home/user/leben-mit-zwang/dataconnect-generated/js/default-connector"
I0110 17:50:21.244425   10062 generate.go:40] Generated all sources. Writing them to disk...
I0110 17:50:21.246193   10062 collector.go:107] connector "default" javascriptSdk wrote into "/home/user/leben-mit-zwang/dataconnect-generated/js/default-connector"
Generated sources: package.json [634B] index.d.ts [264B] esm/index.esm.js [188B] esm/package.json [17B] index.cjs.js [229B] 
I0110 17:50:21.257621   10062 installsdk.go:76] Running command: /usr/bin/npm install file:dataconnect-generated/js/default-connector

[info] i  Generated SDK code for default 
[info] ✔  If you'd like to add more generated SDKs to your app your later, run firebase init dataconnect:sdk again 
[info] i  If you'd like to provision a CloudSQL Postgres instance on the Firebase Data Connect no-cost trial:
1. Please upgrade to the pay-as-you-go (Blaze) billing plan. Visit the following page:
     https://console.firebase.google.com/project/lebem-mit-zwang/usage/details
2. Run firebase init dataconnect again to configure the Cloud SQL instance.
3. Run firebase deploy --only dataconnect to deploy your Data Connect service. 
[info] 
=== Hosting Setup
[debug] [2025-01-10T17:50:24.088Z] Checked if tokens are valid: true, expires at: 1736533562891
[debug] [2025-01-10T17:50:24.088Z] Checked if tokens are valid: true, expires at: 1736533562891
[debug] [2025-01-10T17:50:24.089Z] >>> [apiv2][query] GET https://firebase.googleapis.com/v1beta1/projects/lebem-mit-zwang [none]
[debug] [2025-01-10T17:50:24.365Z] <<< [apiv2][status] GET https://firebase.googleapis.com/v1beta1/projects/lebem-mit-zwang 200
[debug] [2025-01-10T17:50:24.365Z] <<< [apiv2][body] GET https://firebase.googleapis.com/v1beta1/projects/lebem-mit-zwang {"projectId":"lebem-mit-zwang","projectNumber":"408968648776","displayName":"lebem-mit-zwang","name":"projects/lebem-mit-zwang","resources":{"hostingSite":"lebem-mit-zwang"},"state":"ACTIVE","etag":"1_8566ae7d-3d18-440c-818e-acf7e17c6e76"}
[info] 
[info] i  Didn't detect a .git folder. Assuming /home/user/leben-mit-zwang is the project root. 
[info] i  Authorizing with GitHub to upload your service account to a GitHub repository's secrets store. 
[info] 
[info] Visit this URL on this device to log in:
[info] https://github.com/login/oauth/authorize?client_id=89cf50f02ac6aaed3484&state=346417876&redirect_uri=http%3A%2F%2Flocalhost%3A9005&scope=read%3Auser%20repo%20public_repo
[info] 
[info] Waiting for authentication...
